<?xml version="1.0" encoding="UTF-8"?>
<testsuite xmlns:xsi="http://www.w3.org/2001/XMLSchema-instance" xsi:noNamespaceSchemaLocation="https://maven.apache.org/surefire/maven-surefire-plugin/xsd/surefire-test-report-3.0.xsd" version="3.0" name="com.dio.desafio.patterns.geradornumeroaleatorio.ProjectApplicationTests" time="6.145" tests="1" errors="0" skipped="0" failures="0">
  <properties>
[...]
</properties>
  <testcase name="contextLoads" classname="com.dio.desafio.patterns.geradornumeroaleatorio.ProjectApplicationTests" time="2.241">
    <system-out><![CDATA[13:28:45.387 [main] INFO org.springframework.test.context.support.AnnotationConfigContextLoaderUtils -- Could not detect default configuration classes for test class [com.dio.desafio.patterns.geradornumeroaleatorio.ProjectApplicationTests]: ProjectApplicationTests does not declare any static, non-private, non-final, nested classes annotated with @Configuration.
13:28:45.685 [main] INFO org.springframework.boot.test.context.SpringBootTestContextBootstrapper -- Found @SpringBootConfiguration com.dio.desafio.patterns.geradornumeroaleatorio.ProjectApplication for test class com.dio.desafio.patterns.geradornumeroaleatorio.ProjectApplicationTests
13:28:46.078 [main] INFO org.springframework.boot.devtools.restart.RestartApplicationListener -- Restart disabled due to context in which it is running

  .   ____          _            __ _ _
 /\\ / ___'_ __ _ _(_)_ __  __ _ \ \ \ \
( ( )\___ | '_ | '_| | '_ \/ _` | \ \ \ \
 \\/  ___)| |_)| | | | | || (_| |  ) ) ) )
  '  |____| .__|_| |_|_| |_\__, | / / / /
 =========|_|==============|___/=/_/_/_/

 :: Spring Boot ::                (v3.3.2)

2024-08-17T13:28:46.590-03:00  INFO 19560 --- [project] [           main] c.d.d.p.g.ProjectApplicationTests        : Starting ProjectApplicationTests using Java 17.0.8 with PID 19560 (started by felipe.r.a.oliveira in C:\felipe\project)
2024-08-17T13:28:46.592-03:00  INFO 19560 --- [project] [           main] c.d.d.p.g.ProjectApplicationTests        : No active profile set, falling back to 1 default profile: "default"
2024-08-17T13:28:48.784-03:00  INFO 19560 --- [project] [           main] c.d.d.p.g.ProjectApplicationTests        : Started ProjectApplicationTests in 2.736 seconds (process running for 5.655)
]]></system-out>
  </testcase>
</testsuite>